<?xml version="1.0" encoding="UTF-8"?>
<testsuite xmlns:xsi="http://www.w3.org/2001/XMLSchema-instance" xsi:noNamespaceSchemaLocation="https://maven.apache.org/surefire/maven-surefire-plugin/xsd/surefire-test-report.xsd" name="nl.uu.cs.aplib.mainConcepts.Test_Environment" time="0.505" tests="3" errors="0" skipped="0" failures="0">
  <properties>
[...]
</properties>
  <testcase name="test_register_remove_instrumenter" classname="nl.uu.cs.aplib.mainConcepts.Test_Environment" time="0"/>
  <testcase name="test_instrumentation" classname="nl.uu.cs.aplib.mainConcepts.Test_Environment" time="0.489"/>
  <testcase name="test_debugmode" classname="nl.uu.cs.aplib.mainConcepts.Test_Environment" time="0"/>
</testsuite>